<?xml version="1.0" encoding="utf-8" standalone="no"?>
<!--This file represents the results of running a test suite-->
<test-results name="D:\Мои документы\Study\Z\3 курс\ТП\BillingSystem-CSharp\bin\Debug\BillingSystem.exe" total="2" errors="0" failures="0" not-run="0" inconclusive="0" ignored="0" skipped="0" invalid="0" date="2012-12-23" time="23:03:13">
  <environment nunit-version="2.6.2.12296" clr-version="2.0.50727.5466" os-version="Microsoft Windows NT 6.1.7601 Service Pack 1" platform="Win32NT" cwd="D:\Мои документы\Study\Z\3 курс\ТП\BillingSystem-CSharp" machine-name="I7" user="TotZhe" user-domain="I7" />
  <culture-info current-culture="ru-RU" current-uiculture="ru-RU" />
  <test-suite type="Assembly" name="D:\Мои документы\Study\Z\3 курс\ТП\BillingSystem-CSharp\bin\Debug\BillingSystem.exe" executed="True" result="Success" success="True" time="1.642" asserts="0">
    <results>
      <test-suite type="Namespace" name="BillingSystem" executed="True" result="Success" success="True" time="1.628" asserts="0">
        <results>
          <test-suite type="Namespace" name="Tests" executed="True" result="Success" success="True" time="1.627" asserts="0">
            <results>
              <test-suite type="TestFixture" name="DatabaseUtilsTest" executed="True" result="Inconclusive" success="False" time="0.238" asserts="0" />
              <test-suite type="TestFixture" name="EditSubscriberControllerTest" executed="True" result="Success" success="True" time="1.379" asserts="0">
                <results>
                  <test-case name="BillingSystem.Tests.EditSubscriberControllerTest.NormalConditionsTest" executed="True" result="Success" success="True" time="1.229" asserts="10" />
                  <test-case name="BillingSystem.Tests.EditSubscriberControllerTest.NotExistingSubscriberTest" executed="True" result="Success" success="True" time="0.141" asserts="0" />
                </results>
              </test-suite>
            </results>
          </test-suite>
        </results>
      </test-suite>
    </results>
  </test-suite>
</test-results>