<?xml version="1.0" encoding="utf-8" standalone="no"?>
<!--This file represents the results of running a test suite-->
<test-results name="C:\Users\A. O. Donskih\Desktop\BillingSystem-CSharp-master\bin\Debug\BillingSystem.exe" total="96" errors="0" failures="0" not-run="0" inconclusive="0" ignored="0" skipped="0" invalid="0" date="2012-12-24" time="14:22:17">
  <environment nunit-version="2.6.2.12296" clr-version="2.0.50727.5448" os-version="Microsoft Windows NT 6.1.7601 Service Pack 1" platform="Win32NT" cwd="C:\Users\A. O. Donskih\Desktop\BillingSystem-CSharp-master" machine-name="TIMELINEX" user="A. O. Donskih" user-domain="TIMELINEX" />
  <culture-info current-culture="ru-RU" current-uiculture="ru-RU" />
  <test-suite type="Assembly" name="C:\Users\A. O. Donskih\Desktop\BillingSystem-CSharp-master\bin\Debug\BillingSystem.exe" executed="True" result="Success" success="True" time="1.391" asserts="0">
    <results>
      <test-suite type="Namespace" name="BillingSystem" executed="True" result="Success" success="True" time="1.364" asserts="0">
        <results>
          <test-suite type="Namespace" name="Tests" executed="True" result="Success" success="True" time="1.364" asserts="0">
            <results>
              <test-suite type="TestFixture" name="ModelBillingOperationsTest" executed="True" result="Success" success="True" time="1.029" asserts="0">
                <results>
                  <test-suite type="ParameterizedTest" name="CalculateCallCostTest" executed="True" result="Success" success="True" time="0.523" asserts="0">
                    <results>
                      <test-case name="BillingSystem.Tests.ModelBillingOperationsTest.CalculateCallCostTest(&quot;+79601258111&quot;,&quot;+79503468221&quot;,12/10/2012 11:13:00,12/10/2012 11:15:00)" executed="True" result="Success" success="True" time="0.509" asserts="1" />
                    </results>
                  </test-suite>
                  <test-suite type="ParameterizedTest" name="CalculateCallsChargesTest" executed="True" result="Success" success="True" time="0.054" asserts="0">
                    <results>
                      <test-case name="BillingSystem.Tests.ModelBillingOperationsTest.CalculateCallsChargesTest(11/01/2012 00:00:00,11/30/2012 23:59:00)" executed="True" result="Success" success="True" time="0.053" asserts="2" />
                    </results>
                  </test-suite>
                </results>
              </test-suite>
              <test-suite type="TestFixture" name="ModelPhoneNumberTest" executed="True" result="Success" success="True" time="0.053" asserts="0">
                <results>
                  <test-suite type="ParameterizedTest" name="GetTariffTest" executed="True" result="Success" success="True" time="0.007" asserts="0">
                    <results>
                      <test-case name="BillingSystem.Tests.ModelPhoneNumberTest.GetTariffTest(&quot;+79601258145&quot;)" executed="True" result="Success" success="True" time="0.006" asserts="1" />
                    </results>
                  </test-suite>
                  <test-suite type="ParameterizedTest" name="SelectCallsTest" executed="True" result="Success" success="True" time="0.014" asserts="0">
                    <results>
                      <test-case name="BillingSystem.Tests.ModelPhoneNumberTest.SelectCallsTest(&quot;+79601258144&quot;,12/10/2012 00:00:00,12/21/2012 00:00:00)" executed="True" result="Success" success="True" time="0.014" asserts="228" />
                    </results>
                  </test-suite>
                  <test-suite type="ParameterizedTest" name="SelectPhoneNumberByIDTest" executed="True" result="Success" success="True" time="0.006" asserts="0">
                    <results>
                      <test-case name="BillingSystem.Tests.ModelPhoneNumberTest.SelectPhoneNumberByIDTest(1)" executed="True" result="Success" success="True" time="0.002" asserts="1" />
                      <test-case name="BillingSystem.Tests.ModelPhoneNumberTest.SelectPhoneNumberByIDTest(2)" executed="True" result="Success" success="True" time="0.001" asserts="1" />
                      <test-case name="BillingSystem.Tests.ModelPhoneNumberTest.SelectPhoneNumberByIDTest(40)" executed="True" result="Success" success="True" time="0.000" asserts="1" />
                    </results>
                  </test-suite>
                  <test-suite type="ParameterizedTest" name="SelectPhoneNumberByNumberTest" executed="True" result="Success" success="True" time="0.005" asserts="0">
                    <results>
                      <test-case name="BillingSystem.Tests.ModelPhoneNumberTest.SelectPhoneNumberByNumberTest(&quot;+79601258145&quot;)" executed="True" result="Success" success="True" time="0.001" asserts="1" />
                      <test-case name="BillingSystem.Tests.ModelPhoneNumberTest.SelectPhoneNumberByNumberTest(&quot;+79601258144&quot;)" executed="True" result="Success" success="True" time="0.001" asserts="1" />
                      <test-case name="BillingSystem.Tests.ModelPhoneNumberTest.SelectPhoneNumberByNumberTest(&quot;+79601258143&quot;)" executed="True" result="Success" success="True" time="0.001" asserts="1" />
                    </results>
                  </test-suite>
                  <test-suite type="ParameterizedTest" name="SelectTariffByDateTest" executed="True" result="Success" success="True" time="0.006" asserts="0">
                    <results>
                      <test-case name="BillingSystem.Tests.ModelPhoneNumberTest.SelectTariffByDateTest(&quot;+79601258145&quot;,12/21/2012 00:00:00)" executed="True" result="Success" success="True" time="0.005" asserts="1" />
                    </results>
                  </test-suite>
                  <test-suite type="ParameterizedTest" name="SelectTariffHistoryTest" executed="True" result="Success" success="True" time="0.008" asserts="0">
                    <results>
                      <test-case name="BillingSystem.Tests.ModelPhoneNumberTest.SelectTariffHistoryTest(10/10/2012 00:00:00,12/21/2012 00:00:00)" executed="True" result="Success" success="True" time="0.007" asserts="4" />
                    </results>
                  </test-suite>
                </results>
              </test-suite>
              <test-suite type="TestFixture" name="ModelServiceTest" executed="True" result="Success" success="True" time="0.011" asserts="0">
                <results>
                  <test-suite type="ParameterizedTest" name="SelectServiceByIDTest" executed="True" result="Success" success="True" time="0.005" asserts="0">
                    <results>
                      <test-case name="BillingSystem.Tests.ModelServiceTest.SelectServiceByIDTest(1)" executed="True" result="Success" success="True" time="0.003" asserts="1" />
                      <test-case name="BillingSystem.Tests.ModelServiceTest.SelectServiceByIDTest(2)" executed="True" result="Success" success="True" time="0.001" asserts="1" />
                    </results>
                  </test-suite>
                  <test-suite type="ParameterizedTest" name="SelectTariffByDateTest" executed="True" result="Success" success="True" time="0.003" asserts="0">
                    <results>
                      <test-case name="BillingSystem.Tests.ModelServiceTest.SelectTariffByDateTest(&quot;\x0421\x043C\x0435\x043D\x0430 \x0442\x0430\x0440\x0438\x0444\x0430&quot;)" executed="True" result="Success" success="True" time="0.001" asserts="1" />
                      <test-case name="BillingSystem.Tests.ModelServiceTest.SelectTariffByDateTest(&quot;\x041E\x043F\x043B\x0430\x0442\x0430 \x0437\x0432\x043E\x043D\x043A\x043E\x0432&quot;)" executed="True" result="Success" success="True" time="0.001" asserts="1" />
                    </results>
                  </test-suite>
                </results>
              </test-suite>
              <test-suite type="TestFixture" name="ModelSubscriberTest" executed="True" result="Success" success="True" time="0.167" asserts="0">
                <results>
                  <test-suite type="ParameterizedTest" name="DepositMoneyTest" executed="True" result="Success" success="True" time="0.031" asserts="0">
                    <results>
                      <test-case name="BillingSystem.Tests.ModelSubscriberTest.DepositMoneyTest(1)" executed="True" result="Success" success="True" time="0.018" asserts="1" />
                      <test-case name="BillingSystem.Tests.ModelSubscriberTest.DepositMoneyTest(3)" executed="True" result="Success" success="True" time="0.005" asserts="1" />
                      <test-case name="BillingSystem.Tests.ModelSubscriberTest.DepositMoneyTest(5)" executed="True" result="Success" success="True" time="0.005" asserts="1" />
                    </results>
                  </test-suite>
                  <test-suite type="ParameterizedTest" name="GetBalanceByDateTest" executed="True" result="Success" success="True" time="0.003" asserts="0">
                    <results>
                      <test-case name="BillingSystem.Tests.ModelSubscriberTest.GetBalanceByDateTest(12/10/2012 00:00:00)" executed="True" result="Success" success="True" time="0.003" asserts="1" />
                    </results>
                  </test-suite>
                  <test-suite type="ParameterizedTest" name="GetPhoneNumbersTest" executed="True" result="Success" success="True" time="0.005" asserts="0">
                    <results>
                      <test-case name="BillingSystem.Tests.ModelSubscriberTest.GetPhoneNumbersTest(1)" executed="True" result="Success" success="True" time="0.004" asserts="2" />
                    </results>
                  </test-suite>
                  <test-suite type="ParameterizedTest" name="SelectSubscriberByIDTest" executed="True" result="Success" success="True" time="0.005" asserts="0">
                    <results>
                      <test-case name="BillingSystem.Tests.ModelSubscriberTest.SelectSubscriberByIDTest(1)" executed="True" result="Success" success="True" time="0.001" asserts="1" />
                      <test-case name="BillingSystem.Tests.ModelSubscriberTest.SelectSubscriberByIDTest(2)" executed="True" result="Success" success="True" time="0.001" asserts="1" />
                      <test-case name="BillingSystem.Tests.ModelSubscriberTest.SelectSubscriberByIDTest(3)" executed="True" result="Success" success="True" time="0.001" asserts="1" />
                    </results>
                  </test-suite>
                  <test-suite type="ParameterizedTest" name="SelectSubscribersTest" executed="True" result="Success" success="True" time="0.117" asserts="0">
                    <results>
                      <test-case name="BillingSystem.Tests.ModelSubscriberTest.SelectSubscribersTest(&quot;\x0418\x0432\x0430\x043D&quot;,&quot;\x0418\x0432\x0430\x043D\x043E\x0432\x0438\x0447&quot;,&quot;\x0418\x0432\x0430\x043D\x043E\x0432&quot;,&quot;&quot;,0)" executed="True" result="Success" success="True" time="0.005" asserts="3" />
                      <test-case name="BillingSystem.Tests.ModelSubscriberTest.SelectSubscribersTest(&quot;\x0418\x0432\x0430\x043D&quot;,&quot;\x0418\x0432\x0430\x043D\x043E\x0432\x0438\x0447&quot;,&quot;\x0418\x0432\x0430\x043D\x043E\x0432&quot;,&quot;&quot;,0)" executed="True" result="Success" success="True" time="0.001" asserts="3" />
                      <test-case name="BillingSystem.Tests.ModelSubscriberTest.SelectSubscribersTest(&quot;\x0418\x0432\x0430\x043D&quot;,&quot;\x0418\x0432\x0430\x043D\x043E\x0432\x0438\x0447&quot;,&quot;Tester&quot;,&quot;&quot;,0)" executed="True" result="Success" success="True" time="0.001" asserts="0" />
                      <test-case name="BillingSystem.Tests.ModelSubscriberTest.SelectSubscribersTest(&quot;\x0418\x0432\x0430\x043D&quot;,&quot;\x0418\x0432\x0430\x043D\x043E\x0432\x0438\x0447&quot;,&quot;Tester&quot;,&quot;&quot;,0)" executed="True" result="Success" success="True" time="0.001" asserts="0" />
                      <test-case name="BillingSystem.Tests.ModelSubscriberTest.SelectSubscribersTest(&quot;\x0418\x0432\x0430\x043D&quot;,&quot;\x0418\x0432\x0430\x043D\x043E\x0432\x0438\x0447&quot;,&quot;&quot;,&quot;&quot;,0)" executed="True" result="Success" success="True" time="0.001" asserts="2" />
                      <test-case name="BillingSystem.Tests.ModelSubscriberTest.SelectSubscribersTest(&quot;\x0418\x0432\x0430\x043D&quot;,&quot;\x0418\x0432\x0430\x043D\x043E\x0432\x0438\x0447&quot;,&quot;&quot;,&quot;&quot;,0)" executed="True" result="Success" success="True" time="0.001" asserts="2" />
                      <test-case name="BillingSystem.Tests.ModelSubscriberTest.SelectSubscribersTest(&quot;\x0418\x0432\x0430\x043D&quot;,&quot;Tested&quot;,&quot;\x0418\x0432\x0430\x043D\x043E\x0432&quot;,&quot;&quot;,0)" executed="True" result="Success" success="True" time="0.001" asserts="0" />
                      <test-case name="BillingSystem.Tests.ModelSubscriberTest.SelectSubscribersTest(&quot;\x0418\x0432\x0430\x043D&quot;,&quot;Tested&quot;,&quot;\x0418\x0432\x0430\x043D\x043E\x0432&quot;,&quot;&quot;,0)" executed="True" result="Success" success="True" time="0.001" asserts="0" />
                      <test-case name="BillingSystem.Tests.ModelSubscriberTest.SelectSubscribersTest(&quot;\x0418\x0432\x0430\x043D&quot;,&quot;Tested&quot;,&quot;Tester&quot;,&quot;&quot;,0)" executed="True" result="Success" success="True" time="0.000" asserts="0" />
                      <test-case name="BillingSystem.Tests.ModelSubscriberTest.SelectSubscribersTest(&quot;\x0418\x0432\x0430\x043D&quot;,&quot;Tested&quot;,&quot;Tester&quot;,&quot;&quot;,0)" executed="True" result="Success" success="True" time="0.001" asserts="0" />
                      <test-case name="BillingSystem.Tests.ModelSubscriberTest.SelectSubscribersTest(&quot;\x0418\x0432\x0430\x043D&quot;,&quot;Tested&quot;,&quot;&quot;,&quot;&quot;,0)" executed="True" result="Success" success="True" time="0.001" asserts="0" />
                      <test-case name="BillingSystem.Tests.ModelSubscriberTest.SelectSubscribersTest(&quot;\x0418\x0432\x0430\x043D&quot;,&quot;Tested&quot;,&quot;&quot;,&quot;&quot;,0)" executed="True" result="Success" success="True" time="0.001" asserts="0" />
                      <test-case name="BillingSystem.Tests.ModelSubscriberTest.SelectSubscribersTest(&quot;\x0418\x0432\x0430\x043D&quot;,&quot;&quot;,&quot;\x0418\x0432\x0430\x043D\x043E\x0432&quot;,&quot;&quot;,0)" executed="True" result="Success" success="True" time="0.001" asserts="2" />
                      <test-case name="BillingSystem.Tests.ModelSubscriberTest.SelectSubscribersTest(&quot;\x0418\x0432\x0430\x043D&quot;,&quot;&quot;,&quot;\x0418\x0432\x0430\x043D\x043E\x0432&quot;,&quot;&quot;,0)" executed="True" result="Success" success="True" time="0.001" asserts="2" />
                      <test-case name="BillingSystem.Tests.ModelSubscriberTest.SelectSubscribersTest(&quot;\x0418\x0432\x0430\x043D&quot;,&quot;&quot;,&quot;Tester&quot;,&quot;&quot;,0)" executed="True" result="Success" success="True" time="0.001" asserts="0" />
                      <test-case name="BillingSystem.Tests.ModelSubscriberTest.SelectSubscribersTest(&quot;\x0418\x0432\x0430\x043D&quot;,&quot;&quot;,&quot;Tester&quot;,&quot;&quot;,0)" executed="True" result="Success" success="True" time="0.001" asserts="0" />
                      <test-case name="BillingSystem.Tests.ModelSubscriberTest.SelectSubscribersTest(&quot;\x0418\x0432\x0430\x043D&quot;,&quot;&quot;,&quot;&quot;,&quot;&quot;,0)" executed="True" result="Success" success="True" time="0.001" asserts="1" />
                      <test-case name="BillingSystem.Tests.ModelSubscriberTest.SelectSubscribersTest(&quot;\x0418\x0432\x0430\x043D&quot;,&quot;&quot;,&quot;&quot;,&quot;&quot;,0)" executed="True" result="Success" success="True" time="0.001" asserts="1" />
                      <test-case name="BillingSystem.Tests.ModelSubscriberTest.SelectSubscribersTest(&quot;Test&quot;,&quot;\x0418\x0432\x0430\x043D\x043E\x0432\x0438\x0447&quot;,&quot;\x0418\x0432\x0430\x043D\x043E\x0432&quot;,&quot;&quot;,0)" executed="True" result="Success" success="True" time="0.001" asserts="0" />
                      <test-case name="BillingSystem.Tests.ModelSubscriberTest.SelectSubscribersTest(&quot;Test&quot;,&quot;\x0418\x0432\x0430\x043D\x043E\x0432\x0438\x0447&quot;,&quot;\x0418\x0432\x0430\x043D\x043E\x0432&quot;,&quot;&quot;,0)" executed="True" result="Success" success="True" time="0.001" asserts="0" />
                      <test-case name="BillingSystem.Tests.ModelSubscriberTest.SelectSubscribersTest(&quot;Test&quot;,&quot;\x0418\x0432\x0430\x043D\x043E\x0432\x0438\x0447&quot;,&quot;Tester&quot;,&quot;&quot;,0)" executed="True" result="Success" success="True" time="0.001" asserts="0" />
                      <test-case name="BillingSystem.Tests.ModelSubscriberTest.SelectSubscribersTest(&quot;Test&quot;,&quot;\x0418\x0432\x0430\x043D\x043E\x0432\x0438\x0447&quot;,&quot;Tester&quot;,&quot;&quot;,0)" executed="True" result="Success" success="True" time="0.001" asserts="0" />
                      <test-case name="BillingSystem.Tests.ModelSubscriberTest.SelectSubscribersTest(&quot;Test&quot;,&quot;\x0418\x0432\x0430\x043D\x043E\x0432\x0438\x0447&quot;,&quot;&quot;,&quot;&quot;,0)" executed="True" result="Success" success="True" time="0.001" asserts="0" />
                      <test-case name="BillingSystem.Tests.ModelSubscriberTest.SelectSubscribersTest(&quot;Test&quot;,&quot;\x0418\x0432\x0430\x043D\x043E\x0432\x0438\x0447&quot;,&quot;&quot;,&quot;&quot;,0)" executed="True" result="Success" success="True" time="0.001" asserts="0" />
                      <test-case name="BillingSystem.Tests.ModelSubscriberTest.SelectSubscribersTest(&quot;Test&quot;,&quot;Tested&quot;,&quot;\x0418\x0432\x0430\x043D\x043E\x0432&quot;,&quot;&quot;,0)" executed="True" result="Success" success="True" time="0.001" asserts="0" />
                      <test-case name="BillingSystem.Tests.ModelSubscriberTest.SelectSubscribersTest(&quot;Test&quot;,&quot;Tested&quot;,&quot;\x0418\x0432\x0430\x043D\x043E\x0432&quot;,&quot;&quot;,0)" executed="True" result="Success" success="True" time="0.001" asserts="0" />
                      <test-case name="BillingSystem.Tests.ModelSubscriberTest.SelectSubscribersTest(&quot;Test&quot;,&quot;Tested&quot;,&quot;Tester&quot;,&quot;&quot;,0)" executed="True" result="Success" success="True" time="0.001" asserts="0" />
                      <test-case name="BillingSystem.Tests.ModelSubscriberTest.SelectSubscribersTest(&quot;Test&quot;,&quot;Tested&quot;,&quot;Tester&quot;,&quot;&quot;,0)" executed="True" result="Success" success="True" time="0.001" asserts="0" />
                      <test-case name="BillingSystem.Tests.ModelSubscriberTest.SelectSubscribersTest(&quot;Test&quot;,&quot;Tested&quot;,&quot;&quot;,&quot;&quot;,0)" executed="True" result="Success" success="True" time="0.001" asserts="0" />
                      <test-case name="BillingSystem.Tests.ModelSubscriberTest.SelectSubscribersTest(&quot;Test&quot;,&quot;Tested&quot;,&quot;&quot;,&quot;&quot;,0)" executed="True" result="Success" success="True" time="0.001" asserts="0" />
                      <test-case name="BillingSystem.Tests.ModelSubscriberTest.SelectSubscribersTest(&quot;Test&quot;,&quot;&quot;,&quot;\x0418\x0432\x0430\x043D\x043E\x0432&quot;,&quot;&quot;,0)" executed="True" result="Success" success="True" time="0.001" asserts="0" />
                      <test-case name="BillingSystem.Tests.ModelSubscriberTest.SelectSubscribersTest(&quot;Test&quot;,&quot;&quot;,&quot;\x0418\x0432\x0430\x043D\x043E\x0432&quot;,&quot;&quot;,0)" executed="True" result="Success" success="True" time="0.001" asserts="0" />
                      <test-case name="BillingSystem.Tests.ModelSubscriberTest.SelectSubscribersTest(&quot;Test&quot;,&quot;&quot;,&quot;Tester&quot;,&quot;&quot;,0)" executed="True" result="Success" success="True" time="0.001" asserts="0" />
                      <test-case name="BillingSystem.Tests.ModelSubscriberTest.SelectSubscribersTest(&quot;Test&quot;,&quot;&quot;,&quot;Tester&quot;,&quot;&quot;,0)" executed="True" result="Success" success="True" time="0.001" asserts="0" />
                      <test-case name="BillingSystem.Tests.ModelSubscriberTest.SelectSubscribersTest(&quot;Test&quot;,&quot;&quot;,&quot;&quot;,&quot;&quot;,0)" executed="True" result="Success" success="True" time="0.001" asserts="0" />
                      <test-case name="BillingSystem.Tests.ModelSubscriberTest.SelectSubscribersTest(&quot;Test&quot;,&quot;&quot;,&quot;&quot;,&quot;&quot;,0)" executed="True" result="Success" success="True" time="0.001" asserts="0" />
                      <test-case name="BillingSystem.Tests.ModelSubscriberTest.SelectSubscribersTest(&quot;&quot;,&quot;\x0418\x0432\x0430\x043D\x043E\x0432\x0438\x0447&quot;,&quot;\x0418\x0432\x0430\x043D\x043E\x0432&quot;,&quot;&quot;,0)" executed="True" result="Success" success="True" time="0.001" asserts="2" />
                      <test-case name="BillingSystem.Tests.ModelSubscriberTest.SelectSubscribersTest(&quot;&quot;,&quot;\x0418\x0432\x0430\x043D\x043E\x0432\x0438\x0447&quot;,&quot;\x0418\x0432\x0430\x043D\x043E\x0432&quot;,&quot;&quot;,0)" executed="True" result="Success" success="True" time="0.001" asserts="2" />
                      <test-case name="BillingSystem.Tests.ModelSubscriberTest.SelectSubscribersTest(&quot;&quot;,&quot;\x0418\x0432\x0430\x043D\x043E\x0432\x0438\x0447&quot;,&quot;Tester&quot;,&quot;&quot;,0)" executed="True" result="Success" success="True" time="0.001" asserts="0" />
                      <test-case name="BillingSystem.Tests.ModelSubscriberTest.SelectSubscribersTest(&quot;&quot;,&quot;\x0418\x0432\x0430\x043D\x043E\x0432\x0438\x0447&quot;,&quot;Tester&quot;,&quot;&quot;,0)" executed="True" result="Success" success="True" time="0.001" asserts="0" />
                      <test-case name="BillingSystem.Tests.ModelSubscriberTest.SelectSubscribersTest(&quot;&quot;,&quot;\x0418\x0432\x0430\x043D\x043E\x0432\x0438\x0447&quot;,&quot;&quot;,&quot;&quot;,0)" executed="True" result="Success" success="True" time="0.001" asserts="1" />
                      <test-case name="BillingSystem.Tests.ModelSubscriberTest.SelectSubscribersTest(&quot;&quot;,&quot;\x0418\x0432\x0430\x043D\x043E\x0432\x0438\x0447&quot;,&quot;&quot;,&quot;&quot;,0)" executed="True" result="Success" success="True" time="0.001" asserts="1" />
                      <test-case name="BillingSystem.Tests.ModelSubscriberTest.SelectSubscribersTest(&quot;&quot;,&quot;Tested&quot;,&quot;\x0418\x0432\x0430\x043D\x043E\x0432&quot;,&quot;&quot;,0)" executed="True" result="Success" success="True" time="0.001" asserts="0" />
                      <test-case name="BillingSystem.Tests.ModelSubscriberTest.SelectSubscribersTest(&quot;&quot;,&quot;Tested&quot;,&quot;\x0418\x0432\x0430\x043D\x043E\x0432&quot;,&quot;&quot;,0)" executed="True" result="Success" success="True" time="0.001" asserts="0" />
                      <test-case name="BillingSystem.Tests.ModelSubscriberTest.SelectSubscribersTest(&quot;&quot;,&quot;Tested&quot;,&quot;Tester&quot;,&quot;&quot;,0)" executed="True" result="Success" success="True" time="0.001" asserts="0" />
                      <test-case name="BillingSystem.Tests.ModelSubscriberTest.SelectSubscribersTest(&quot;&quot;,&quot;Tested&quot;,&quot;Tester&quot;,&quot;&quot;,0)" executed="True" result="Success" success="True" time="0.001" asserts="0" />
                      <test-case name="BillingSystem.Tests.ModelSubscriberTest.SelectSubscribersTest(&quot;&quot;,&quot;Tested&quot;,&quot;&quot;,&quot;&quot;,0)" executed="True" result="Success" success="True" time="0.001" asserts="0" />
                      <test-case name="BillingSystem.Tests.ModelSubscriberTest.SelectSubscribersTest(&quot;&quot;,&quot;Tested&quot;,&quot;&quot;,&quot;&quot;,0)" executed="True" result="Success" success="True" time="0.001" asserts="0" />
                      <test-case name="BillingSystem.Tests.ModelSubscriberTest.SelectSubscribersTest(&quot;&quot;,&quot;&quot;,&quot;\x0418\x0432\x0430\x043D\x043E\x0432&quot;,&quot;&quot;,0)" executed="True" result="Success" success="True" time="0.001" asserts="1" />
                      <test-case name="BillingSystem.Tests.ModelSubscriberTest.SelectSubscribersTest(&quot;&quot;,&quot;&quot;,&quot;\x0418\x0432\x0430\x043D\x043E\x0432&quot;,&quot;&quot;,0)" executed="True" result="Success" success="True" time="0.001" asserts="1" />
                      <test-case name="BillingSystem.Tests.ModelSubscriberTest.SelectSubscribersTest(&quot;&quot;,&quot;&quot;,&quot;Tester&quot;,&quot;&quot;,0)" executed="True" result="Success" success="True" time="0.001" asserts="0" />
                      <test-case name="BillingSystem.Tests.ModelSubscriberTest.SelectSubscribersTest(&quot;&quot;,&quot;&quot;,&quot;Tester&quot;,&quot;&quot;,0)" executed="True" result="Success" success="True" time="0.003" asserts="0" />
                      <test-case name="BillingSystem.Tests.ModelSubscriberTest.SelectSubscribersTest(&quot;&quot;,&quot;&quot;,&quot;&quot;,&quot;&quot;,0)" executed="True" result="Success" success="True" time="0.001" asserts="0" />
                      <test-case name="BillingSystem.Tests.ModelSubscriberTest.SelectSubscribersTest(&quot;&quot;,&quot;&quot;,&quot;&quot;,&quot;&quot;,0)" executed="True" result="Success" success="True" time="0.001" asserts="0" />
                    </results>
                  </test-suite>
                </results>
              </test-suite>
              <test-suite type="TestFixture" name="ModelTariffTest" executed="True" result="Success" success="True" time="0.077" asserts="0">
                <results>
                  <test-suite type="ParameterizedTest" name="EditTariffDataTest" executed="True" result="Success" success="True" time="0.037" asserts="0">
                    <results>
                      <test-case name="BillingSystem.Tests.ModelTariffTest.EditTariffDataTest(13,&quot;\x041F\x0435\x0440\x0432\x043E\x0435&quot;,&quot;\x041F\x0435\x0440\x0432\x043E\x0435 \x043E\x043F\x0438\x0441\x0430\x043D\x0438\x0435&quot;)" executed="True" result="Success" success="True" time="0.006" asserts="3" />
                      <test-case name="BillingSystem.Tests.ModelTariffTest.EditTariffDataTest(13,&quot;\x041F\x0435\x0440\x0432\x043E\x0435&quot;,&quot;\x0412\x0442\x043E\x0440\x043E\x0435 \x043E\x043F\x0438\x0441\x0430\x043D\x0438\x0435&quot;)" executed="True" result="Success" success="True" time="0.001" asserts="3" />
                      <test-case name="BillingSystem.Tests.ModelTariffTest.EditTariffDataTest(13,&quot;\x041F\x0435\x0440\x0432\x043E\x0435&quot;,&quot;\x0422\x0440\x0435\x0442\x044C\x0435 \x043E\x043F\x0438\x0441\x0430\x043D\x0438\x0435&quot;)" executed="True" result="Success" success="True" time="0.002" asserts="3" />
                      <test-case name="BillingSystem.Tests.ModelTariffTest.EditTariffDataTest(13,&quot;\x0412\x0442\x043E\x0440\x043E\x0435&quot;,&quot;\x041F\x0435\x0440\x0432\x043E\x0435 \x043E\x043F\x0438\x0441\x0430\x043D\x0438\x0435&quot;)" executed="True" result="Success" success="True" time="0.002" asserts="3" />
                      <test-case name="BillingSystem.Tests.ModelTariffTest.EditTariffDataTest(13,&quot;\x0412\x0442\x043E\x0440\x043E\x0435&quot;,&quot;\x0412\x0442\x043E\x0440\x043E\x0435 \x043E\x043F\x0438\x0441\x0430\x043D\x0438\x0435&quot;)" executed="True" result="Success" success="True" time="0.002" asserts="3" />
                      <test-case name="BillingSystem.Tests.ModelTariffTest.EditTariffDataTest(13,&quot;\x0412\x0442\x043E\x0440\x043E\x0435&quot;,&quot;\x0422\x0440\x0435\x0442\x044C\x0435 \x043E\x043F\x0438\x0441\x0430\x043D\x0438\x0435&quot;)" executed="True" result="Success" success="True" time="0.002" asserts="3" />
                      <test-case name="BillingSystem.Tests.ModelTariffTest.EditTariffDataTest(13,&quot;\x0422\x0440\x0435\x0442\x044C\x0435&quot;,&quot;\x041F\x0435\x0440\x0432\x043E\x0435 \x043E\x043F\x0438\x0441\x0430\x043D\x0438\x0435&quot;)" executed="True" result="Success" success="True" time="0.001" asserts="3" />
                      <test-case name="BillingSystem.Tests.ModelTariffTest.EditTariffDataTest(13,&quot;\x0422\x0440\x0435\x0442\x044C\x0435&quot;,&quot;\x0412\x0442\x043E\x0440\x043E\x0435 \x043E\x043F\x0438\x0441\x0430\x043D\x0438\x0435&quot;)" executed="True" result="Success" success="True" time="0.002" asserts="3" />
                      <test-case name="BillingSystem.Tests.ModelTariffTest.EditTariffDataTest(13,&quot;\x0422\x0440\x0435\x0442\x044C\x0435&quot;,&quot;\x0422\x0440\x0435\x0442\x044C\x0435 \x043E\x043F\x0438\x0441\x0430\x043D\x0438\x0435&quot;)" executed="True" result="Success" success="True" time="0.002" asserts="3" />
                      <test-case name="BillingSystem.Tests.ModelTariffTest.EditTariffDataTest(13,&quot;\x0414\x043E\x0431\x0430\x0432\x043B\x0435\x043D\x043D\x044B\x0439&quot;,&quot;\x041F\x0435\x0440\x0432\x043E\x0435 \x043E\x043F\x0438\x0441\x0430\x043D\x0438\x0435&quot;)" executed="True" result="Success" success="True" time="0.002" asserts="3" />
                      <test-case name="BillingSystem.Tests.ModelTariffTest.EditTariffDataTest(13,&quot;\x0414\x043E\x0431\x0430\x0432\x043B\x0435\x043D\x043D\x044B\x0439&quot;,&quot;\x0412\x0442\x043E\x0440\x043E\x0435 \x043E\x043F\x0438\x0441\x0430\x043D\x0438\x0435&quot;)" executed="True" result="Success" success="True" time="0.001" asserts="3" />
                      <test-case name="BillingSystem.Tests.ModelTariffTest.EditTariffDataTest(13,&quot;\x0414\x043E\x0431\x0430\x0432\x043B\x0435\x043D\x043D\x044B\x0439&quot;,&quot;\x0422\x0440\x0435\x0442\x044C\x0435 \x043E\x043F\x0438\x0441\x0430\x043D\x0438\x0435&quot;)" executed="True" result="Success" success="True" time="0.002" asserts="3" />
                    </results>
                  </test-suite>
                  <test-suite type="ParameterizedTest" name="SelectActiveTariffsByNameTest" executed="True" result="Success" success="True" time="0.008" asserts="0">
                    <results>
                      <test-case name="BillingSystem.Tests.ModelTariffTest.SelectActiveTariffsByNameTest(&quot;\x0430&quot;)" executed="True" result="Success" success="True" time="0.004" asserts="4" />
                      <test-case name="BillingSystem.Tests.ModelTariffTest.SelectActiveTariffsByNameTest(&quot;\x044B&quot;)" executed="True" result="Success" success="True" time="0.001" asserts="4" />
                    </results>
                  </test-suite>
                  <test-case name="BillingSystem.Tests.ModelTariffTest.SelectActiveTariffTest" executed="True" result="Success" success="True" time="0.016" asserts="4" />
                  <test-suite type="ParameterizedTest" name="SelectCallPriceTest" executed="True" result="Success" success="True" time="0.003" asserts="0">
                    <results>
                      <test-case name="BillingSystem.Tests.ModelTariffTest.SelectCallPriceTest(5,&quot;+79601258111&quot;)" executed="True" result="Success" success="True" time="0.002" asserts="1" />
                    </results>
                  </test-suite>
                  <test-suite type="ParameterizedTest" name="SelectTariffByIDTest" executed="True" result="Success" success="True" time="0.004" asserts="0">
                    <results>
                      <test-case name="BillingSystem.Tests.ModelTariffTest.SelectTariffByIDTest(5)" executed="True" result="Success" success="True" time="0.002" asserts="1" />
                      <test-case name="BillingSystem.Tests.ModelTariffTest.SelectTariffByIDTest(6)" executed="True" result="Success" success="True" time="0.001" asserts="1" />
                    </results>
                  </test-suite>
                </results>
              </test-suite>
            </results>
          </test-suite>
        </results>
      </test-suite>
    </results>
  </test-suite>
</test-results>